<?xml version="1.0" encoding="UTF-8"?>
<testng-results ignored="0" total="3" passed="3" failed="0" skipped="0">
  <reporter-output>
  </reporter-output>
  <suite started-at="2023-07-30T11:17:45 EDT" name="Selenium-Jenkins_Tests" finished-at="2023-07-30T11:18:06 EDT" duration-ms="20668">
    <groups>
    </groups>
    <test started-at="2023-07-30T11:17:45 EDT" name="Run_Tests_From_Jenkins_Staging" finished-at="2023-07-30T11:18:06 EDT" duration-ms="20668">
      <class name="TestSuites.Staging_Environment.SwagLabsTestClass01">
        <test-method is-config="true" signature="setup()[pri:0, instance:TestSuites.Staging_Environment.SwagLabsTestClass01@7c7b252e]" started-at="2023-07-30T11:17:45 EDT" name="setup" finished-at="2023-07-30T11:17:53 EDT" duration-ms="7912" status="PASS">
          <reporter-output>
          </reporter-output>
        </test-method> <!-- setup -->
        <test-method is-config="true" signature="initTestModule()[pri:0, instance:TestSuites.Staging_Environment.SwagLabsTestClass01@7c7b252e]" started-at="2023-07-30T11:17:53 EDT" name="initTestModule" finished-at="2023-07-30T11:17:53 EDT" duration-ms="99" status="PASS">
          <reporter-output>
          </reporter-output>
        </test-method> <!-- initTestModule -->
        <test-method signature="A1_verifyHomePageText()[pri:0, instance:TestSuites.Staging_Environment.SwagLabsTestClass01@7c7b252e]" started-at="2023-07-30T11:17:53 EDT" name="A1_verifyHomePageText" finished-at="2023-07-30T11:17:53 EDT" duration-ms="155" status="PASS">
          <reporter-output>
          </reporter-output>
        </test-method> <!-- A1_verifyHomePageText -->
        <test-method is-config="true" signature="initTestModule()[pri:0, instance:TestSuites.Staging_Environment.SwagLabsTestClass01@7c7b252e]" started-at="2023-07-30T11:17:53 EDT" name="initTestModule" finished-at="2023-07-30T11:17:53 EDT" duration-ms="1" status="PASS">
          <reporter-output>
          </reporter-output>
        </test-method> <!-- initTestModule -->
        <test-method signature="A2_loginWithInvalidCredentials()[pri:0, instance:TestSuites.Staging_Environment.SwagLabsTestClass01@7c7b252e]" started-at="2023-07-30T11:17:53 EDT" name="A2_loginWithInvalidCredentials" finished-at="2023-07-30T11:17:59 EDT" duration-ms="5939" status="PASS">
          <reporter-output>
          </reporter-output>
        </test-method> <!-- A2_loginWithInvalidCredentials -->
        <test-method signature="A3_loginWithvalidCredentials()[pri:0, instance:TestSuites.Staging_Environment.SwagLabsTestClass01@7c7b252e]" started-at="2023-07-30T11:17:59 EDT" name="A3_loginWithvalidCredentials" finished-at="2023-07-30T11:18:05 EDT" duration-ms="5752" status="PASS">
          <reporter-output>
          </reporter-output>
        </test-method> <!-- A3_loginWithvalidCredentials -->
        <test-method is-config="true" signature="initTestModule()[pri:0, instance:TestSuites.Staging_Environment.SwagLabsTestClass01@7c7b252e]" started-at="2023-07-30T11:17:59 EDT" name="initTestModule" finished-at="2023-07-30T11:17:59 EDT" duration-ms="0" status="PASS">
          <reporter-output>
          </reporter-output>
        </test-method> <!-- initTestModule -->
        <test-method is-config="true" signature="tearDown()[pri:0, instance:TestSuites.Staging_Environment.SwagLabsTestClass01@7c7b252e]" started-at="2023-07-30T11:18:05 EDT" name="tearDown" finished-at="2023-07-30T11:18:06 EDT" duration-ms="505" status="PASS">
          <reporter-output>
          </reporter-output>
        </test-method> <!-- tearDown -->
      </class> <!-- TestSuites.Staging_Environment.SwagLabsTestClass01 -->
    </test> <!-- Run_Tests_From_Jenkins_Staging -->
  </suite> <!-- Selenium-Jenkins_Tests -->
</testng-results>
