<?xml version="1.0" encoding="UTF-8"?>
<testng-results ignored="0" total="4" passed="4" failed="0" skipped="0">
  <reporter-output>
  </reporter-output>
  <suite started-at="2023-07-25T17:47:02 EDT" name="Selenium-Jenkins_Tests" finished-at="2023-07-25T17:47:22 EDT" duration-ms="20699">
    <groups>
    </groups>
    <test started-at="2023-07-25T17:47:02 EDT" name="Run_Tests_From_Jenkins_QA" finished-at="2023-07-25T17:47:22 EDT" duration-ms="20699">
      <class name="TestSuites.QA_Environment.HerokuAppTestClass01">
        <test-method is-config="true" signature="setup()[pri:0, instance:TestSuites.QA_Environment.HerokuAppTestClass01@74e52ef6]" started-at="2023-07-25T17:47:02 EDT" name="setup" finished-at="2023-07-25T17:47:11 EDT" duration-ms="9073" status="PASS">
          <reporter-output>
          </reporter-output>
        </test-method> <!-- setup -->
        <test-method is-config="true" signature="initTestModule()[pri:0, instance:TestSuites.QA_Environment.HerokuAppTestClass01@74e52ef6]" started-at="2023-07-25T17:47:11 EDT" name="initTestModule" finished-at="2023-07-25T17:47:11 EDT" duration-ms="93" status="PASS">
          <reporter-output>
          </reporter-output>
        </test-method> <!-- initTestModule -->
        <test-method signature="A1_verifyWelcomeText()[pri:0, instance:TestSuites.QA_Environment.HerokuAppTestClass01@74e52ef6]" started-at="2023-07-25T17:47:11 EDT" name="A1_verifyWelcomeText" finished-at="2023-07-25T17:47:11 EDT" duration-ms="203" status="PASS">
          <reporter-output>
          </reporter-output>
        </test-method> <!-- A1_verifyWelcomeText -->
        <test-method is-config="true" signature="initTestModule()[pri:0, instance:TestSuites.QA_Environment.HerokuAppTestClass01@74e52ef6]" started-at="2023-07-25T17:47:11 EDT" name="initTestModule" finished-at="2023-07-25T17:47:11 EDT" duration-ms="8" status="PASS">
          <reporter-output>
          </reporter-output>
        </test-method> <!-- initTestModule -->
        <test-method signature="A2_verifyAddRemoveElementsText()[pri:0, instance:TestSuites.QA_Environment.HerokuAppTestClass01@74e52ef6]" started-at="2023-07-25T17:47:11 EDT" name="A2_verifyAddRemoveElementsText" finished-at="2023-07-25T17:47:11 EDT" duration-ms="428" status="PASS">
          <reporter-output>
          </reporter-output>
        </test-method> <!-- A2_verifyAddRemoveElementsText -->
        <test-method is-config="true" signature="initTestModule()[pri:0, instance:TestSuites.QA_Environment.HerokuAppTestClass01@74e52ef6]" started-at="2023-07-25T17:47:11 EDT" name="initTestModule" finished-at="2023-07-25T17:47:11 EDT" duration-ms="0" status="PASS">
          <reporter-output>
          </reporter-output>
        </test-method> <!-- initTestModule -->
        <test-method signature="A3_verifyDeleteButtonPresent()[pri:0, instance:TestSuites.QA_Environment.HerokuAppTestClass01@74e52ef6]" started-at="2023-07-25T17:47:11 EDT" name="A3_verifyDeleteButtonPresent" finished-at="2023-07-25T17:47:12 EDT" duration-ms="175" status="PASS">
          <reporter-output>
          </reporter-output>
        </test-method> <!-- A3_verifyDeleteButtonPresent -->
        <test-method is-config="true" signature="initTestModule()[pri:0, instance:TestSuites.QA_Environment.HerokuAppTestClass01@74e52ef6]" started-at="2023-07-25T17:47:12 EDT" name="initTestModule" finished-at="2023-07-25T17:47:12 EDT" duration-ms="4" status="PASS">
          <reporter-output>
          </reporter-output>
        </test-method> <!-- initTestModule -->
        <test-method signature="A4_verifyDeleteButtonNotPresent()[pri:0, instance:TestSuites.QA_Environment.HerokuAppTestClass01@74e52ef6]" started-at="2023-07-25T17:47:12 EDT" name="A4_verifyDeleteButtonNotPresent" finished-at="2023-07-25T17:47:22 EDT" duration-ms="10160" status="PASS">
          <reporter-output>
          </reporter-output>
        </test-method> <!-- A4_verifyDeleteButtonNotPresent -->
        <test-method is-config="true" signature="tearDown()[pri:0, instance:TestSuites.QA_Environment.HerokuAppTestClass01@74e52ef6]" started-at="2023-07-25T17:47:22 EDT" name="tearDown" finished-at="2023-07-25T17:47:22 EDT" duration-ms="465" status="PASS">
          <reporter-output>
          </reporter-output>
        </test-method> <!-- tearDown -->
      </class> <!-- TestSuites.QA_Environment.HerokuAppTestClass01 -->
    </test> <!-- Run_Tests_From_Jenkins_QA -->
  </suite> <!-- Selenium-Jenkins_Tests -->
</testng-results>
