<?xml version="1.0" encoding="UTF-8"?>
<!-- Generated by org.testng.reporters.JUnitXMLReporter -->
<testsuite ignored="0" hostname="DESKTOP-JP61GAF" failures="0" tests="4" name="Run_Tests_From_Jenkins_QA" time="24.136" errors="0" timestamp="2023-07-23T16:23:54 EDT">
  <testcase classname="TestSuites.QA_Environment.HerokuAppTestClass01" name="A1_verifyWelcomeText" time="0.188"/>
  <testcase classname="TestSuites.QA_Environment.HerokuAppTestClass01" name="A2_verifyAddRemoveElementsText" time="0.333"/>
  <testcase classname="TestSuites.QA_Environment.HerokuAppTestClass01" name="A3_verifyDeleteButtonPresent" time="0.227"/>
  <testcase classname="TestSuites.QA_Environment.HerokuAppTestClass01" name="A4_verifyDeleteButtonNotPresent" time="10.242"/>
</testsuite> <!-- Run_Tests_From_Jenkins_QA -->
