<?xml version="1.0" encoding="UTF-8"?>
<!-- Generated by org.testng.reporters.JUnitXMLReporter -->
<testsuite ignored="0" hostname="DESKTOP-JP61GAF" failures="0" tests="3" name="Run_Tests_From_Jenkins" time="20.218" errors="0" timestamp="2023-07-23T17:14:54 EDT">
  <testcase classname="TestSuites.Staging_Environment.SwagLabsTestClass01" name="A1_verifyHomePageText" time="0.154"/>
  <testcase classname="TestSuites.Staging_Environment.SwagLabsTestClass01" name="A2_loginWithInvalidCredentials" time="5.725"/>
  <testcase classname="TestSuites.Staging_Environment.SwagLabsTestClass01" name="A3_loginWithvalidCredentials" time="5.751"/>
</testsuite> <!-- Run_Tests_From_Jenkins -->
