<?xml version="1.0" encoding="UTF-8"?>
<!-- Generated by org.testng.reporters.JUnitXMLReporter -->
<testsuite ignored="0" hostname="DESKTOP-JP61GAF" failures="0" tests="3" name="Run_Tests_From_Jenkins_Staging" time="21.626" errors="0" timestamp="2023-07-25T17:46:20 EDT">
  <testcase classname="TestSuites.Staging_Environment.SwagLabsTestClass01" name="A1_verifyHomePageText" time="0.323"/>
  <testcase classname="TestSuites.Staging_Environment.SwagLabsTestClass01" name="A2_loginWithInvalidCredentials" time="5.827"/>
  <testcase classname="TestSuites.Staging_Environment.SwagLabsTestClass01" name="A3_loginWithvalidCredentials" time="5.633"/>
</testsuite> <!-- Run_Tests_From_Jenkins_Staging -->
