<?xml version="1.0" encoding="UTF-8"?>
<!-- Generated by org.testng.reporters.JUnitXMLReporter -->
<testsuite ignored="0" hostname="DESKTOP-JP61GAF" failures="0" tests="3" name="Run_Tests_From_Jenkins_Staging" time="20.668" errors="0" timestamp="2023-07-30T11:18:06 EDT">
  <testcase classname="TestSuites.Staging_Environment.SwagLabsTestClass01" name="A1_verifyHomePageText" time="0.155"/>
  <testcase classname="TestSuites.Staging_Environment.SwagLabsTestClass01" name="A2_loginWithInvalidCredentials" time="5.939"/>
  <testcase classname="TestSuites.Staging_Environment.SwagLabsTestClass01" name="A3_loginWithvalidCredentials" time="5.752"/>
</testsuite> <!-- Run_Tests_From_Jenkins_Staging -->
